<?xml version="1.0" encoding="UTF-8"?>
<testng-results ignored="0" total="9" passed="8" failed="1" skipped="0">
  <reporter-output>
    <line>
      <![CDATA[TC to test Script to validate fuctional testing scenario started]]>
    </line>
    <line>
      <![CDATA[Chrome Browser Launched and navigated to URL : ]]>
    </line>
    <line>
      <![CDATA[Title Before Login : Demo App]]>
    </line>
    <line>
      <![CDATA[surajamburu]]>
    </line>
    <line>
      <![CDATA[Relevel]]>
    </line>
    <line>
      <![CDATA[Title After Login : Demo App]]>
    </line>
    <line>
      <![CDATA[Login Successful]]>
    </line>
    <line>
      <![CDATA[original List : [- 320.00 USD, - 244.00 USD, + 17.99 USD, + 340.00 USD, + 952.23 USD, + 1,250.00 USD]]]>
    </line>
    <line>
      <![CDATA[Temp List : [+ 1,250.00 USD, + 17.99 USD, + 340.00 USD, + 952.23 USD, - 244.00 USD, - 320.00 USD]]]>
    </line>
    <line>
      <![CDATA[Amounts are Not in Sorted order...]]>
    </line>
    <line>
      <![CDATA[TC to test Script to validate fuctional testing scenario started]]>
    </line>
    <line>
      <![CDATA[Chrome Browser Launched and navigated to URL : ]]>
    </line>
    <line>
      <![CDATA[Title Before Login : Demo App]]>
    </line>
    <line>
      <![CDATA[SURAJ]]>
    </line>
    <line>
      <![CDATA[RELEVEL]]>
    </line>
    <line>
      <![CDATA[Title After Login : Demo App]]>
    </line>
    <line>
      <![CDATA[Login Successful]]>
    </line>
    <line>
      <![CDATA[original List : [- 320.00 USD, - 244.00 USD, + 17.99 USD, + 340.00 USD, + 952.23 USD, + 1,250.00 USD]]]>
    </line>
    <line>
      <![CDATA[Temp List : [+ 1,250.00 USD, + 17.99 USD, + 340.00 USD, + 952.23 USD, - 244.00 USD, - 320.00 USD]]]>
    </line>
    <line>
      <![CDATA[Amounts are Not in Sorted order...]]>
    </line>
    <line>
      <![CDATA[TC to test Script to validate fuctional testing scenario started]]>
    </line>
    <line>
      <![CDATA[Chrome Browser Launched and navigated to URL : ]]>
    </line>
    <line>
      <![CDATA[Title Before Login : Demo App]]>
    </line>
    <line>
      <![CDATA[Gmail]]>
    </line>
    <line>
      <![CDATA[abcd]]>
    </line>
    <line>
      <![CDATA[Title After Login : Demo App]]>
    </line>
    <line>
      <![CDATA[Login Successful]]>
    </line>
    <line>
      <![CDATA[original List : [- 320.00 USD, - 244.00 USD, + 17.99 USD, + 340.00 USD, + 952.23 USD, + 1,250.00 USD]]]>
    </line>
    <line>
      <![CDATA[Temp List : [+ 1,250.00 USD, + 17.99 USD, + 340.00 USD, + 952.23 USD, - 244.00 USD, - 320.00 USD]]]>
    </line>
    <line>
      <![CDATA[Amounts are Not in Sorted order...]]>
    </line>
    <line>
      <![CDATA[TC to test Script to validate fuctional testing scenario started]]>
    </line>
    <line>
      <![CDATA[Chrome Browser Launched and navigated to URL : ]]>
    </line>
    <line>
      <![CDATA[Title Before Login : Demo App]]>
    </line>
    <line>
      <![CDATA[12113]]>
    </line>
    <line>
      <![CDATA[121412]]>
    </line>
    <line>
      <![CDATA[Title After Login : Demo App]]>
    </line>
    <line>
      <![CDATA[Login Successful]]>
    </line>
    <line>
      <![CDATA[original List : [- 320.00 USD, - 244.00 USD, + 17.99 USD, + 340.00 USD, + 952.23 USD, + 1,250.00 USD]]]>
    </line>
    <line>
      <![CDATA[Temp List : [+ 1,250.00 USD, + 17.99 USD, + 340.00 USD, + 952.23 USD, - 244.00 USD, - 320.00 USD]]]>
    </line>
    <line>
      <![CDATA[Amounts are Not in Sorted order...]]>
    </line>
    <line>
      <![CDATA[TC to test Script to validate fuctional testing scenario started]]>
    </line>
    <line>
      <![CDATA[Chrome Browser Launched and navigated to URL : ]]>
    </line>
    <line>
      <![CDATA[Title Before Login : Demo App]]>
    </line>
    <line>
      <![CDATA[111111111111111]]>
    </line>
    <line>
      <![CDATA[000000000000000]]>
    </line>
    <line>
      <![CDATA[Title After Login : Demo App]]>
    </line>
    <line>
      <![CDATA[Login Successful]]>
    </line>
    <line>
      <![CDATA[original List : [- 320.00 USD, - 244.00 USD, + 17.99 USD, + 340.00 USD, + 952.23 USD, + 1,250.00 USD]]]>
    </line>
    <line>
      <![CDATA[Temp List : [+ 1,250.00 USD, + 17.99 USD, + 340.00 USD, + 952.23 USD, - 244.00 USD, - 320.00 USD]]]>
    </line>
    <line>
      <![CDATA[Amounts are Not in Sorted order...]]>
    </line>
    <line>
      <![CDATA[TC to test Script to validate fuctional testing scenario started]]>
    </line>
    <line>
      <![CDATA[Chrome Browser Launched and navigated to URL : ]]>
    </line>
    <line>
      <![CDATA[Title Before Login : Demo App]]>
    </line>
    <line>
      <![CDATA[aaaaaaaaaaa]]>
    </line>
    <line>
      <![CDATA[bbbbbbbbbbb]]>
    </line>
    <line>
      <![CDATA[Title After Login : Demo App]]>
    </line>
    <line>
      <![CDATA[Login Successful]]>
    </line>
    <line>
      <![CDATA[original List : [- 320.00 USD, - 244.00 USD, + 17.99 USD, + 340.00 USD, + 952.23 USD, + 1,250.00 USD]]]>
    </line>
    <line>
      <![CDATA[Temp List : [+ 1,250.00 USD, + 17.99 USD, + 340.00 USD, + 952.23 USD, - 244.00 USD, - 320.00 USD]]]>
    </line>
    <line>
      <![CDATA[Amounts are Not in Sorted order...]]>
    </line>
    <line>
      <![CDATA[TC to test Script to validate fuctional testing scenario started]]>
    </line>
    <line>
      <![CDATA[Chrome Browser Launched and navigated to URL : ]]>
    </line>
    <line>
      <![CDATA[Title Before Login : Demo App]]>
    </line>
    <line>
      <![CDATA[@#&%*]]>
    </line>
    <line>
      <![CDATA[*^*@%]]>
    </line>
    <line>
      <![CDATA[Title After Login : Demo App]]>
    </line>
    <line>
      <![CDATA[Login Successful]]>
    </line>
    <line>
      <![CDATA[original List : [- 320.00 USD, - 244.00 USD, + 17.99 USD, + 340.00 USD, + 952.23 USD, + 1,250.00 USD]]]>
    </line>
    <line>
      <![CDATA[Temp List : [+ 1,250.00 USD, + 17.99 USD, + 340.00 USD, + 952.23 USD, - 244.00 USD, - 320.00 USD]]]>
    </line>
    <line>
      <![CDATA[Amounts are Not in Sorted order...]]>
    </line>
    <line>
      <![CDATA[TC to test Script to validate fuctional testing scenario started]]>
    </line>
    <line>
      <![CDATA[Chrome Browser Launched and navigated to URL : ]]>
    </line>
    <line>
      <![CDATA[Title Before Login : Demo App]]>
    </line>
    <line>
      <![CDATA[]]>
    </line>
    <line>
      <![CDATA[]]>
    </line>
    <line>
      <![CDATA[Title After Login : Demo App]]>
    </line>
    <line>
      <![CDATA[Login Successful]]>
    </line>
    <line>
      <![CDATA[TC to test Script to validate fuctional testing scenario started]]>
    </line>
    <line>
      <![CDATA[Chrome Browser Launched and navigated to URL : ]]>
    </line>
    <line>
      <![CDATA[Title Before Login : Demo App]]>
    </line>
    <line>
      <![CDATA[abc@abc]]>
    </line>
    <line>
      <![CDATA[Abc@224]]>
    </line>
    <line>
      <![CDATA[Title After Login : Demo App]]>
    </line>
    <line>
      <![CDATA[Login Successful]]>
    </line>
    <line>
      <![CDATA[original List : [- 320.00 USD, - 244.00 USD, + 17.99 USD, + 340.00 USD, + 952.23 USD, + 1,250.00 USD]]]>
    </line>
    <line>
      <![CDATA[Temp List : [+ 1,250.00 USD, + 17.99 USD, + 340.00 USD, + 952.23 USD, - 244.00 USD, - 320.00 USD]]]>
    </line>
    <line>
      <![CDATA[Amounts are Not in Sorted order...]]>
    </line>
  </reporter-output>
  <suite started-at="2023-01-07T11:16:40 IST" name="Default suite" finished-at="2023-01-07T11:17:20 IST" duration-ms="40718">
    <groups>
    </groups>
    <test started-at="2023-01-07T11:16:40 IST" name="Default test" finished-at="2023-01-07T11:17:20 IST" duration-ms="40718">
      <class name="task.TaskExecution">
        <test-method signature="assignment_Script(java.lang.String,java.lang.String)[pri:0, instance:task.TaskExecution@10163d6]" started-at="2023-01-07T11:16:40 IST" name="assignment_Script" data-provider="testData" finished-at="2023-01-07T11:16:45 IST" duration-ms="5165" status="PASS">
          <params>
            <param index="0">
              <value>
                <![CDATA[surajamburu]]>
              </value>
            </param>
            <param index="1">
              <value>
                <![CDATA[Relevel]]>
              </value>
            </param>
          </params>
          <reporter-output>
            <line>
              <![CDATA[TC to test Script to validate fuctional testing scenario started]]>
            </line>
            <line>
              <![CDATA[Chrome Browser Launched and navigated to URL : ]]>
            </line>
            <line>
              <![CDATA[Title Before Login : Demo App]]>
            </line>
            <line>
              <![CDATA[surajamburu]]>
            </line>
            <line>
              <![CDATA[Relevel]]>
            </line>
            <line>
              <![CDATA[Title After Login : Demo App]]>
            </line>
            <line>
              <![CDATA[Login Successful]]>
            </line>
            <line>
              <![CDATA[original List : [- 320.00 USD, - 244.00 USD, + 17.99 USD, + 340.00 USD, + 952.23 USD, + 1,250.00 USD]]]>
            </line>
            <line>
              <![CDATA[Temp List : [+ 1,250.00 USD, + 17.99 USD, + 340.00 USD, + 952.23 USD, - 244.00 USD, - 320.00 USD]]]>
            </line>
            <line>
              <![CDATA[Amounts are Not in Sorted order...]]>
            </line>
          </reporter-output>
        </test-method> <!-- assignment_Script -->
        <test-method signature="assignment_Script(java.lang.String,java.lang.String)[pri:0, instance:task.TaskExecution@10163d6]" started-at="2023-01-07T11:16:45 IST" name="assignment_Script" data-provider="testData" finished-at="2023-01-07T11:16:48 IST" duration-ms="3195" status="PASS">
          <params>
            <param index="0">
              <value>
                <![CDATA[SURAJ]]>
              </value>
            </param>
            <param index="1">
              <value>
                <![CDATA[RELEVEL]]>
              </value>
            </param>
          </params>
          <reporter-output>
            <line>
              <![CDATA[TC to test Script to validate fuctional testing scenario started]]>
            </line>
            <line>
              <![CDATA[Chrome Browser Launched and navigated to URL : ]]>
            </line>
            <line>
              <![CDATA[Title Before Login : Demo App]]>
            </line>
            <line>
              <![CDATA[SURAJ]]>
            </line>
            <line>
              <![CDATA[RELEVEL]]>
            </line>
            <line>
              <![CDATA[Title After Login : Demo App]]>
            </line>
            <line>
              <![CDATA[Login Successful]]>
            </line>
            <line>
              <![CDATA[original List : [- 320.00 USD, - 244.00 USD, + 17.99 USD, + 340.00 USD, + 952.23 USD, + 1,250.00 USD]]]>
            </line>
            <line>
              <![CDATA[Temp List : [+ 1,250.00 USD, + 17.99 USD, + 340.00 USD, + 952.23 USD, - 244.00 USD, - 320.00 USD]]]>
            </line>
            <line>
              <![CDATA[Amounts are Not in Sorted order...]]>
            </line>
          </reporter-output>
        </test-method> <!-- assignment_Script -->
        <test-method signature="assignment_Script(java.lang.String,java.lang.String)[pri:0, instance:task.TaskExecution@10163d6]" started-at="2023-01-07T11:16:48 IST" name="assignment_Script" data-provider="testData" finished-at="2023-01-07T11:16:51 IST" duration-ms="3325" status="PASS">
          <params>
            <param index="0">
              <value>
                <![CDATA[Gmail]]>
              </value>
            </param>
            <param index="1">
              <value>
                <![CDATA[abcd]]>
              </value>
            </param>
          </params>
          <reporter-output>
            <line>
              <![CDATA[TC to test Script to validate fuctional testing scenario started]]>
            </line>
            <line>
              <![CDATA[Chrome Browser Launched and navigated to URL : ]]>
            </line>
            <line>
              <![CDATA[Title Before Login : Demo App]]>
            </line>
            <line>
              <![CDATA[Gmail]]>
            </line>
            <line>
              <![CDATA[abcd]]>
            </line>
            <line>
              <![CDATA[Title After Login : Demo App]]>
            </line>
            <line>
              <![CDATA[Login Successful]]>
            </line>
            <line>
              <![CDATA[original List : [- 320.00 USD, - 244.00 USD, + 17.99 USD, + 340.00 USD, + 952.23 USD, + 1,250.00 USD]]]>
            </line>
            <line>
              <![CDATA[Temp List : [+ 1,250.00 USD, + 17.99 USD, + 340.00 USD, + 952.23 USD, - 244.00 USD, - 320.00 USD]]]>
            </line>
            <line>
              <![CDATA[Amounts are Not in Sorted order...]]>
            </line>
          </reporter-output>
        </test-method> <!-- assignment_Script -->
        <test-method signature="assignment_Script(java.lang.String,java.lang.String)[pri:0, instance:task.TaskExecution@10163d6]" started-at="2023-01-07T11:16:51 IST" name="assignment_Script" data-provider="testData" finished-at="2023-01-07T11:16:54 IST" duration-ms="3107" status="PASS">
          <params>
            <param index="0">
              <value>
                <![CDATA[12113]]>
              </value>
            </param>
            <param index="1">
              <value>
                <![CDATA[121412]]>
              </value>
            </param>
          </params>
          <reporter-output>
            <line>
              <![CDATA[TC to test Script to validate fuctional testing scenario started]]>
            </line>
            <line>
              <![CDATA[Chrome Browser Launched and navigated to URL : ]]>
            </line>
            <line>
              <![CDATA[Title Before Login : Demo App]]>
            </line>
            <line>
              <![CDATA[12113]]>
            </line>
            <line>
              <![CDATA[121412]]>
            </line>
            <line>
              <![CDATA[Title After Login : Demo App]]>
            </line>
            <line>
              <![CDATA[Login Successful]]>
            </line>
            <line>
              <![CDATA[original List : [- 320.00 USD, - 244.00 USD, + 17.99 USD, + 340.00 USD, + 952.23 USD, + 1,250.00 USD]]]>
            </line>
            <line>
              <![CDATA[Temp List : [+ 1,250.00 USD, + 17.99 USD, + 340.00 USD, + 952.23 USD, - 244.00 USD, - 320.00 USD]]]>
            </line>
            <line>
              <![CDATA[Amounts are Not in Sorted order...]]>
            </line>
          </reporter-output>
        </test-method> <!-- assignment_Script -->
        <test-method signature="assignment_Script(java.lang.String,java.lang.String)[pri:0, instance:task.TaskExecution@10163d6]" started-at="2023-01-07T11:16:54 IST" name="assignment_Script" data-provider="testData" finished-at="2023-01-07T11:16:58 IST" duration-ms="3283" status="PASS">
          <params>
            <param index="0">
              <value>
                <![CDATA[111111111111111]]>
              </value>
            </param>
            <param index="1">
              <value>
                <![CDATA[000000000000000]]>
              </value>
            </param>
          </params>
          <reporter-output>
            <line>
              <![CDATA[TC to test Script to validate fuctional testing scenario started]]>
            </line>
            <line>
              <![CDATA[Chrome Browser Launched and navigated to URL : ]]>
            </line>
            <line>
              <![CDATA[Title Before Login : Demo App]]>
            </line>
            <line>
              <![CDATA[111111111111111]]>
            </line>
            <line>
              <![CDATA[000000000000000]]>
            </line>
            <line>
              <![CDATA[Title After Login : Demo App]]>
            </line>
            <line>
              <![CDATA[Login Successful]]>
            </line>
            <line>
              <![CDATA[original List : [- 320.00 USD, - 244.00 USD, + 17.99 USD, + 340.00 USD, + 952.23 USD, + 1,250.00 USD]]]>
            </line>
            <line>
              <![CDATA[Temp List : [+ 1,250.00 USD, + 17.99 USD, + 340.00 USD, + 952.23 USD, - 244.00 USD, - 320.00 USD]]]>
            </line>
            <line>
              <![CDATA[Amounts are Not in Sorted order...]]>
            </line>
          </reporter-output>
        </test-method> <!-- assignment_Script -->
        <test-method signature="assignment_Script(java.lang.String,java.lang.String)[pri:0, instance:task.TaskExecution@10163d6]" started-at="2023-01-07T11:16:58 IST" name="assignment_Script" data-provider="testData" finished-at="2023-01-07T11:17:01 IST" duration-ms="3201" status="PASS">
          <params>
            <param index="0">
              <value>
                <![CDATA[aaaaaaaaaaa]]>
              </value>
            </param>
            <param index="1">
              <value>
                <![CDATA[bbbbbbbbbbb]]>
              </value>
            </param>
          </params>
          <reporter-output>
            <line>
              <![CDATA[TC to test Script to validate fuctional testing scenario started]]>
            </line>
            <line>
              <![CDATA[Chrome Browser Launched and navigated to URL : ]]>
            </line>
            <line>
              <![CDATA[Title Before Login : Demo App]]>
            </line>
            <line>
              <![CDATA[aaaaaaaaaaa]]>
            </line>
            <line>
              <![CDATA[bbbbbbbbbbb]]>
            </line>
            <line>
              <![CDATA[Title After Login : Demo App]]>
            </line>
            <line>
              <![CDATA[Login Successful]]>
            </line>
            <line>
              <![CDATA[original List : [- 320.00 USD, - 244.00 USD, + 17.99 USD, + 340.00 USD, + 952.23 USD, + 1,250.00 USD]]]>
            </line>
            <line>
              <![CDATA[Temp List : [+ 1,250.00 USD, + 17.99 USD, + 340.00 USD, + 952.23 USD, - 244.00 USD, - 320.00 USD]]]>
            </line>
            <line>
              <![CDATA[Amounts are Not in Sorted order...]]>
            </line>
          </reporter-output>
        </test-method> <!-- assignment_Script -->
        <test-method signature="assignment_Script(java.lang.String,java.lang.String)[pri:0, instance:task.TaskExecution@10163d6]" started-at="2023-01-07T11:17:01 IST" name="assignment_Script" data-provider="testData" finished-at="2023-01-07T11:17:04 IST" duration-ms="3231" status="PASS">
          <params>
            <param index="0">
              <value>
                <![CDATA[@#&%*]]>
              </value>
            </param>
            <param index="1">
              <value>
                <![CDATA[*^*@%]]>
              </value>
            </param>
          </params>
          <reporter-output>
            <line>
              <![CDATA[TC to test Script to validate fuctional testing scenario started]]>
            </line>
            <line>
              <![CDATA[Chrome Browser Launched and navigated to URL : ]]>
            </line>
            <line>
              <![CDATA[Title Before Login : Demo App]]>
            </line>
            <line>
              <![CDATA[@#&%*]]>
            </line>
            <line>
              <![CDATA[*^*@%]]>
            </line>
            <line>
              <![CDATA[Title After Login : Demo App]]>
            </line>
            <line>
              <![CDATA[Login Successful]]>
            </line>
            <line>
              <![CDATA[original List : [- 320.00 USD, - 244.00 USD, + 17.99 USD, + 340.00 USD, + 952.23 USD, + 1,250.00 USD]]]>
            </line>
            <line>
              <![CDATA[Temp List : [+ 1,250.00 USD, + 17.99 USD, + 340.00 USD, + 952.23 USD, - 244.00 USD, - 320.00 USD]]]>
            </line>
            <line>
              <![CDATA[Amounts are Not in Sorted order...]]>
            </line>
          </reporter-output>
        </test-method> <!-- assignment_Script -->
        <test-method signature="assignment_Script(java.lang.String,java.lang.String)[pri:0, instance:task.TaskExecution@10163d6]" started-at="2023-01-07T11:17:04 IST" name="assignment_Script" data-provider="testData" finished-at="2023-01-07T11:17:17 IST" duration-ms="12659" status="FAIL">
          <params>
            <param index="0">
              <value>
                <![CDATA[]]>
              </value>
            </param>
            <param index="1">
              <value>
                <![CDATA[]]>
              </value>
            </param>
          </params>
          <exception class="org.openqa.selenium.NoSuchElementException">
            <message>
              <![CDATA[no such element: Unable to locate element: {"method":"xpath","selector":"//th[contains(text(),'Amount')]"}
  (Session info: chrome=108.0.5359.125)
For documentation on this error, please visit: https://www.seleniumhq.org/exceptions/no_such_element.html
Build info: version: '3.141.59', revision: 'e82be7d358', time: '2018-11-14T08:25:48'
System info: host: 'LAPTOP-A3VH180C', ip: '192.168.1.19', os.name: 'Windows 10', os.arch: 'amd64', os.version: '10.0', java.version: '16.0.1'
Driver info: org.openqa.selenium.chrome.ChromeDriver
Capabilities {acceptInsecureCerts: false, browserName: chrome, browserVersion: 108.0.5359.125, chrome: {chromedriverVersion: 108.0.5359.71 (1e0e3868ee06..., userDataDir: C:\Users\ambur\AppData\Loca...}, goog:chromeOptions: {debuggerAddress: localhost:52363}, javascriptEnabled: true, networkConnectionEnabled: false, pageLoadStrategy: normal, platform: WINDOWS, platformName: WINDOWS, proxy: Proxy(), setWindowRect: true, strictFileInteractability: false, timeouts: {implicit: 0, pageLoad: 300000, script: 30000}, unhandledPromptBehavior: dismiss and notify, webauthn:extension:credBlob: true, webauthn:extension:largeBlob: true, webauthn:virtualAuthenticators: true}
Session ID: d26f7f3fc326483116b0bdba08127885
*** Element info: {Using=xpath, value=//th[contains(text(),'Amount')]}]]>
            </message>
            <full-stacktrace>
              <![CDATA[org.openqa.selenium.NoSuchElementException: no such element: Unable to locate element: {"method":"xpath","selector":"//th[contains(text(),'Amount')]"}
  (Session info: chrome=108.0.5359.125)
For documentation on this error, please visit: https://www.seleniumhq.org/exceptions/no_such_element.html
Build info: version: '3.141.59', revision: 'e82be7d358', time: '2018-11-14T08:25:48'
System info: host: 'LAPTOP-A3VH180C', ip: '192.168.1.19', os.name: 'Windows 10', os.arch: 'amd64', os.version: '10.0', java.version: '16.0.1'
Driver info: org.openqa.selenium.chrome.ChromeDriver
Capabilities {acceptInsecureCerts: false, browserName: chrome, browserVersion: 108.0.5359.125, chrome: {chromedriverVersion: 108.0.5359.71 (1e0e3868ee06..., userDataDir: C:\Users\ambur\AppData\Loca...}, goog:chromeOptions: {debuggerAddress: localhost:52363}, javascriptEnabled: true, networkConnectionEnabled: false, pageLoadStrategy: normal, platform: WINDOWS, platformName: WINDOWS, proxy: Proxy(), setWindowRect: true, strictFileInteractability: false, timeouts: {implicit: 0, pageLoad: 300000, script: 30000}, unhandledPromptBehavior: dismiss and notify, webauthn:extension:credBlob: true, webauthn:extension:largeBlob: true, webauthn:virtualAuthenticators: true}
Session ID: d26f7f3fc326483116b0bdba08127885
*** Element info: {Using=xpath, value=//th[contains(text(),'Amount')]}
at java.base/jdk.internal.reflect.NativeConstructorAccessorImpl.newInstance0(Native Method)
at java.base/jdk.internal.reflect.NativeConstructorAccessorImpl.newInstance(NativeConstructorAccessorImpl.java:78)
at java.base/jdk.internal.reflect.DelegatingConstructorAccessorImpl.newInstance(DelegatingConstructorAccessorImpl.java:45)
at java.base/java.lang.reflect.Constructor.newInstanceWithCaller(Constructor.java:499)
at java.base/java.lang.reflect.Constructor.newInstance(Constructor.java:480)
at org.openqa.selenium.remote.http.W3CHttpResponseCodec.createException(W3CHttpResponseCodec.java:187)
at org.openqa.selenium.remote.http.W3CHttpResponseCodec.decode(W3CHttpResponseCodec.java:122)
at org.openqa.selenium.remote.http.W3CHttpResponseCodec.decode(W3CHttpResponseCodec.java:49)
at org.openqa.selenium.remote.HttpCommandExecutor.execute(HttpCommandExecutor.java:158)
at org.openqa.selenium.remote.service.DriverCommandExecutor.execute(DriverCommandExecutor.java:83)
at org.openqa.selenium.remote.RemoteWebDriver.execute(RemoteWebDriver.java:552)
at org.openqa.selenium.remote.RemoteWebDriver.findElement(RemoteWebDriver.java:323)
at org.openqa.selenium.remote.RemoteWebDriver.findElementByXPath(RemoteWebDriver.java:428)
at org.openqa.selenium.By$ByXPath.findElement(By.java:353)
at org.openqa.selenium.remote.RemoteWebDriver.findElement(RemoteWebDriver.java:315)
at task.TaskExecution.assignment_Script(TaskExecution.java:48)
at java.base/jdk.internal.reflect.NativeMethodAccessorImpl.invoke0(Native Method)
at java.base/jdk.internal.reflect.NativeMethodAccessorImpl.invoke(NativeMethodAccessorImpl.java:78)
at java.base/jdk.internal.reflect.DelegatingMethodAccessorImpl.invoke(DelegatingMethodAccessorImpl.java:43)
at java.base/java.lang.reflect.Method.invoke(Method.java:567)
at org.testng.internal.MethodInvocationHelper.invokeMethod(MethodInvocationHelper.java:133)
at org.testng.internal.TestInvoker.invokeMethod(TestInvoker.java:598)
at org.testng.internal.TestInvoker.invokeTestMethod(TestInvoker.java:173)
at org.testng.internal.MethodRunner.runInSequence(MethodRunner.java:46)
at org.testng.internal.TestInvoker$MethodInvocationAgent.invoke(TestInvoker.java:824)
at org.testng.internal.TestInvoker.invokeTestMethods(TestInvoker.java:146)
at org.testng.internal.TestMethodWorker.invokeTestMethods(TestMethodWorker.java:146)
at org.testng.internal.TestMethodWorker.run(TestMethodWorker.java:128)
at java.base/java.util.ArrayList.forEach(ArrayList.java:1511)
at org.testng.TestRunner.privateRun(TestRunner.java:794)
at org.testng.TestRunner.run(TestRunner.java:596)
at org.testng.SuiteRunner.runTest(SuiteRunner.java:377)
at org.testng.SuiteRunner.runSequentially(SuiteRunner.java:371)
at org.testng.SuiteRunner.privateRun(SuiteRunner.java:332)
at org.testng.SuiteRunner.run(SuiteRunner.java:276)
at org.testng.SuiteRunnerWorker.runSuite(SuiteRunnerWorker.java:53)
at org.testng.SuiteRunnerWorker.run(SuiteRunnerWorker.java:96)
at org.testng.TestNG.runSuitesSequentially(TestNG.java:1212)
at org.testng.TestNG.runSuitesLocally(TestNG.java:1134)
at org.testng.TestNG.runSuites(TestNG.java:1063)
at org.testng.TestNG.run(TestNG.java:1031)
at org.testng.remote.AbstractRemoteTestNG.run(AbstractRemoteTestNG.java:115)
at org.testng.remote.RemoteTestNG.initAndRun(RemoteTestNG.java:251)
at org.testng.remote.RemoteTestNG.main(RemoteTestNG.java:77)
]]>
            </full-stacktrace>
          </exception> <!-- org.openqa.selenium.NoSuchElementException -->
          <reporter-output>
            <line>
              <![CDATA[TC to test Script to validate fuctional testing scenario started]]>
            </line>
            <line>
              <![CDATA[Chrome Browser Launched and navigated to URL : ]]>
            </line>
            <line>
              <![CDATA[Title Before Login : Demo App]]>
            </line>
            <line>
              <![CDATA[]]>
            </line>
            <line>
              <![CDATA[]]>
            </line>
            <line>
              <![CDATA[Title After Login : Demo App]]>
            </line>
            <line>
              <![CDATA[Login Successful]]>
            </line>
          </reporter-output>
        </test-method> <!-- assignment_Script -->
        <test-method signature="assignment_Script(java.lang.String,java.lang.String)[pri:0, instance:task.TaskExecution@10163d6]" started-at="2023-01-07T11:17:17 IST" name="assignment_Script" data-provider="testData" finished-at="2023-01-07T11:17:20 IST" duration-ms="3490" status="PASS">
          <params>
            <param index="0">
              <value>
                <![CDATA[abc@abc]]>
              </value>
            </param>
            <param index="1">
              <value>
                <![CDATA[Abc@224]]>
              </value>
            </param>
          </params>
          <reporter-output>
            <line>
              <![CDATA[TC to test Script to validate fuctional testing scenario started]]>
            </line>
            <line>
              <![CDATA[Chrome Browser Launched and navigated to URL : ]]>
            </line>
            <line>
              <![CDATA[Title Before Login : Demo App]]>
            </line>
            <line>
              <![CDATA[abc@abc]]>
            </line>
            <line>
              <![CDATA[Abc@224]]>
            </line>
            <line>
              <![CDATA[Title After Login : Demo App]]>
            </line>
            <line>
              <![CDATA[Login Successful]]>
            </line>
            <line>
              <![CDATA[original List : [- 320.00 USD, - 244.00 USD, + 17.99 USD, + 340.00 USD, + 952.23 USD, + 1,250.00 USD]]]>
            </line>
            <line>
              <![CDATA[Temp List : [+ 1,250.00 USD, + 17.99 USD, + 340.00 USD, + 952.23 USD, - 244.00 USD, - 320.00 USD]]]>
            </line>
            <line>
              <![CDATA[Amounts are Not in Sorted order...]]>
            </line>
          </reporter-output>
        </test-method> <!-- assignment_Script -->
      </class> <!-- task.TaskExecution -->
    </test> <!-- Default test -->
  </suite> <!-- Default suite -->
</testng-results>
